{"/Users/albertopher/team_14_cis_3500_project_repo/backend/model/db.js": {"path":"/Users/albertopher/team_14_cis_3500_project_repo/backend/model/db.js","statementMap":{"0":{"start":{"line":5,"column":0},"end":{"line":5,"column":27}},"1":{"start":{"line":8,"column":24},"end":{"line":8,"column":42}},"2":{"start":{"line":16,"column":14},"end":{"line":16,"column":149}},"3":{"start":{"line":27,"column":16},"end":{"line":38,"column":1}},"4":{"start":{"line":29,"column":2},"end":{"line":37,"column":3}},"5":{"start":{"line":30,"column":4},"end":{"line":32,"column":7}},"6":{"start":{"line":34,"column":4},"end":{"line":34,"column":27}},"7":{"start":{"line":36,"column":4},"end":{"line":36,"column":54}},"8":{"start":{"line":44,"column":14},"end":{"line":50,"column":1}},"9":{"start":{"line":46,"column":2},"end":{"line":48,"column":3}},"10":{"start":{"line":47,"column":4},"end":{"line":47,"column":20}},"11":{"start":{"line":49,"column":2},"end":{"line":49,"column":30}},"12":{"start":{"line":56,"column":31},"end":{"line":58,"column":1}},"13":{"start":{"line":57,"column":2},"end":{"line":57,"column":32}},"14":{"start":{"line":60,"column":0},"end":{"line":60,"column":8}},"15":{"start":{"line":63,"column":0},"end":{"line":66,"column":2}}},"fnMap":{"0":{"name":"(anonymous_0)","decl":{"start":{"line":27,"column":16},"end":{"line":27,"column":17}},"loc":{"start":{"line":27,"column":28},"end":{"line":38,"column":1}},"line":27},"1":{"name":"(anonymous_1)","decl":{"start":{"line":44,"column":14},"end":{"line":44,"column":15}},"loc":{"start":{"line":44,"column":26},"end":{"line":50,"column":1}},"line":44},"2":{"name":"(anonymous_2)","decl":{"start":{"line":56,"column":31},"end":{"line":56,"column":32}},"loc":{"start":{"line":56,"column":43},"end":{"line":58,"column":1}},"line":56}},"branchMap":{"0":{"loc":{"start":{"line":46,"column":2},"end":{"line":48,"column":3}},"type":"if","locations":[{"start":{"line":46,"column":2},"end":{"line":48,"column":3}},{"start":{},"end":{}}],"line":46}},"s":{"0":2,"1":2,"2":2,"3":2,"4":4,"5":4,"6":4,"7":0,"8":2,"9":11,"10":4,"11":11,"12":2,"13":2,"14":2,"15":2},"f":{"0":4,"1":11,"2":2},"b":{"0":[4,7]},"_coverageSchema":"1a1c01bbd47fc00a2c39e90264f33305004495a9","hash":"b4b6623bcbbeb943f7d2bb2438565a9361bae5cb"}
,"/Users/albertopher/team_14_cis_3500_project_repo/backend/model/event.js": {"path":"/Users/albertopher/team_14_cis_3500_project_repo/backend/model/event.js","statementMap":{"0":{"start":{"line":1,"column":36},"end":{"line":1,"column":56}},"1":{"start":{"line":5,"column":21},"end":{"line":5,"column":39}},"2":{"start":{"line":6,"column":18},"end":{"line":6,"column":33}},"3":{"start":{"line":14,"column":17},"end":{"line":25,"column":1}},"4":{"start":{"line":15,"column":2},"end":{"line":24,"column":3}},"5":{"start":{"line":16,"column":15},"end":{"line":16,"column":28}},"6":{"start":{"line":17,"column":19},"end":{"line":17,"column":68}},"7":{"start":{"line":18,"column":4},"end":{"line":18,"column":67}},"8":{"start":{"line":19,"column":4},"end":{"line":19,"column":115}},"9":{"start":{"line":20,"column":4},"end":{"line":20,"column":29}},"10":{"start":{"line":22,"column":4},"end":{"line":22,"column":23}},"11":{"start":{"line":23,"column":4},"end":{"line":23,"column":43}},"12":{"start":{"line":58,"column":23},"end":{"line":78,"column":1}},"13":{"start":{"line":59,"column":2},"end":{"line":77,"column":3}},"14":{"start":{"line":61,"column":15},"end":{"line":61,"column":28}},"15":{"start":{"line":62,"column":19},"end":{"line":65,"column":5}},"16":{"start":{"line":66,"column":17},"end":{"line":68,"column":5}},"17":{"start":{"line":69,"column":4},"end":{"line":69,"column":86}},"18":{"start":{"line":70,"column":4},"end":{"line":70,"column":18}},"19":{"start":{"line":72,"column":17},"end":{"line":74,"column":5}},"20":{"start":{"line":75,"column":4},"end":{"line":75,"column":23}},"21":{"start":{"line":76,"column":4},"end":{"line":76,"column":79}},"22":{"start":{"line":80,"column":25},"end":{"line":100,"column":1}},"23":{"start":{"line":81,"column":2},"end":{"line":99,"column":3}},"24":{"start":{"line":83,"column":15},"end":{"line":83,"column":28}},"25":{"start":{"line":84,"column":19},"end":{"line":87,"column":5}},"26":{"start":{"line":88,"column":17},"end":{"line":90,"column":5}},"27":{"start":{"line":91,"column":4},"end":{"line":91,"column":91}},"28":{"start":{"line":92,"column":4},"end":{"line":92,"column":18}},"29":{"start":{"line":94,"column":17},"end":{"line":96,"column":5}},"30":{"start":{"line":97,"column":4},"end":{"line":97,"column":23}},"31":{"start":{"line":98,"column":4},"end":{"line":98,"column":82}},"32":{"start":{"line":102,"column":22},"end":{"line":119,"column":1}},"33":{"start":{"line":103,"column":2},"end":{"line":118,"column":3}},"34":{"start":{"line":104,"column":15},"end":{"line":104,"column":28}},"35":{"start":{"line":105,"column":19},"end":{"line":106,"column":36}},"36":{"start":{"line":108,"column":4},"end":{"line":111,"column":5}},"37":{"start":{"line":109,"column":6},"end":{"line":109,"column":49}},"38":{"start":{"line":110,"column":6},"end":{"line":110,"column":18}},"39":{"start":{"line":113,"column":4},"end":{"line":113,"column":105}},"40":{"start":{"line":114,"column":4},"end":{"line":114,"column":29}},"41":{"start":{"line":116,"column":4},"end":{"line":116,"column":23}},"42":{"start":{"line":117,"column":4},"end":{"line":117,"column":47}},"43":{"start":{"line":121,"column":30},"end":{"line":149,"column":1}},"44":{"start":{"line":122,"column":2},"end":{"line":148,"column":3}},"45":{"start":{"line":123,"column":15},"end":{"line":123,"column":28}},"46":{"start":{"line":124,"column":19},"end":{"line":124,"column":49}},"47":{"start":{"line":126,"column":4},"end":{"line":129,"column":5}},"48":{"start":{"line":127,"column":6},"end":{"line":127,"column":36}},"49":{"start":{"line":128,"column":6},"end":{"line":128,"column":19}},"50":{"start":{"line":131,"column":19},"end":{"line":134,"column":5}},"51":{"start":{"line":138,"column":4},"end":{"line":141,"column":5}},"52":{"start":{"line":139,"column":6},"end":{"line":139,"column":42}},"53":{"start":{"line":140,"column":6},"end":{"line":140,"column":19}},"54":{"start":{"line":143,"column":4},"end":{"line":143,"column":79}},"55":{"start":{"line":144,"column":4},"end":{"line":144,"column":16}},"56":{"start":{"line":146,"column":4},"end":{"line":146,"column":23}},"57":{"start":{"line":147,"column":4},"end":{"line":147,"column":59}},"58":{"start":{"line":185,"column":0},"end":{"line":191,"column":2}}},"fnMap":{"0":{"name":"(anonymous_0)","decl":{"start":{"line":14,"column":17},"end":{"line":14,"column":18}},"loc":{"start":{"line":14,"column":37},"end":{"line":25,"column":1}},"line":14},"1":{"name":"(anonymous_1)","decl":{"start":{"line":58,"column":23},"end":{"line":58,"column":24}},"loc":{"start":{"line":58,"column":55},"end":{"line":78,"column":1}},"line":58},"2":{"name":"(anonymous_2)","decl":{"start":{"line":80,"column":25},"end":{"line":80,"column":26}},"loc":{"start":{"line":80,"column":59},"end":{"line":100,"column":1}},"line":80},"3":{"name":"(anonymous_3)","decl":{"start":{"line":102,"column":22},"end":{"line":102,"column":23}},"loc":{"start":{"line":102,"column":41},"end":{"line":119,"column":1}},"line":102},"4":{"name":"(anonymous_4)","decl":{"start":{"line":121,"column":30},"end":{"line":121,"column":31}},"loc":{"start":{"line":121,"column":59},"end":{"line":149,"column":1}},"line":121}},"branchMap":{"0":{"loc":{"start":{"line":108,"column":4},"end":{"line":111,"column":5}},"type":"if","locations":[{"start":{"line":108,"column":4},"end":{"line":111,"column":5}},{"start":{},"end":{}}],"line":108},"1":{"loc":{"start":{"line":126,"column":4},"end":{"line":129,"column":5}},"type":"if","locations":[{"start":{"line":126,"column":4},"end":{"line":129,"column":5}},{"start":{},"end":{}}],"line":126},"2":{"loc":{"start":{"line":138,"column":4},"end":{"line":141,"column":5}},"type":"if","locations":[{"start":{"line":138,"column":4},"end":{"line":141,"column":5}},{"start":{},"end":{}}],"line":138}},"s":{"0":1,"1":1,"2":1,"3":1,"4":1,"5":1,"6":1,"7":1,"8":1,"9":1,"10":0,"11":0,"12":1,"13":0,"14":0,"15":0,"16":0,"17":0,"18":0,"19":0,"20":0,"21":0,"22":1,"23":0,"24":0,"25":0,"26":0,"27":0,"28":0,"29":0,"30":0,"31":0,"32":1,"33":0,"34":0,"35":0,"36":0,"37":0,"38":0,"39":0,"40":0,"41":0,"42":0,"43":1,"44":0,"45":0,"46":0,"47":0,"48":0,"49":0,"50":0,"51":0,"52":0,"53":0,"54":0,"55":0,"56":0,"57":0,"58":1},"f":{"0":1,"1":0,"2":0,"3":0,"4":0},"b":{"0":[0,0],"1":[0,0],"2":[0,0]},"_coverageSchema":"1a1c01bbd47fc00a2c39e90264f33305004495a9","hash":"def59b59c67f79053dcc2840a9b95787498f3a28"}
,"/Users/albertopher/team_14_cis_3500_project_repo/backend/model/user.js": {"path":"/Users/albertopher/team_14_cis_3500_project_repo/backend/model/user.js","statementMap":{"0":{"start":{"line":2,"column":21},"end":{"line":2,"column":39}},"1":{"start":{"line":3,"column":18},"end":{"line":3,"column":33}},"2":{"start":{"line":10,"column":16},"end":{"line":27,"column":1}},"3":{"start":{"line":11,"column":2},"end":{"line":26,"column":3}},"4":{"start":{"line":13,"column":15},"end":{"line":13,"column":28}},"5":{"start":{"line":15,"column":4},"end":{"line":17,"column":5}},"6":{"start":{"line":16,"column":6},"end":{"line":16,"column":46}},"7":{"start":{"line":18,"column":19},"end":{"line":18,"column":66}},"8":{"start":{"line":20,"column":4},"end":{"line":20,"column":66}},"9":{"start":{"line":22,"column":4},"end":{"line":22,"column":29}},"10":{"start":{"line":24,"column":4},"end":{"line":24,"column":23}},"11":{"start":{"line":25,"column":4},"end":{"line":25,"column":44}},"12":{"start":{"line":33,"column":20},"end":{"line":45,"column":1}},"13":{"start":{"line":34,"column":2},"end":{"line":44,"column":3}},"14":{"start":{"line":36,"column":15},"end":{"line":36,"column":28}},"15":{"start":{"line":37,"column":19},"end":{"line":37,"column":66}},"16":{"start":{"line":39,"column":4},"end":{"line":39,"column":52}},"17":{"start":{"line":40,"column":4},"end":{"line":40,"column":18}},"18":{"start":{"line":42,"column":4},"end":{"line":42,"column":23}},"19":{"start":{"line":43,"column":4},"end":{"line":43,"column":47}},"20":{"start":{"line":52,"column":16},"end":{"line":64,"column":1}},"21":{"start":{"line":53,"column":2},"end":{"line":63,"column":3}},"22":{"start":{"line":55,"column":15},"end":{"line":55,"column":28}},"23":{"start":{"line":56,"column":19},"end":{"line":56,"column":86}},"24":{"start":{"line":58,"column":4},"end":{"line":58,"column":51}},"25":{"start":{"line":59,"column":4},"end":{"line":59,"column":18}},"26":{"start":{"line":61,"column":4},"end":{"line":61,"column":23}},"27":{"start":{"line":62,"column":4},"end":{"line":62,"column":46}},"28":{"start":{"line":72,"column":23},"end":{"line":87,"column":1}},"29":{"start":{"line":73,"column":2},"end":{"line":86,"column":3}},"30":{"start":{"line":74,"column":15},"end":{"line":74,"column":28}},"31":{"start":{"line":75,"column":19},"end":{"line":75,"column":79}},"32":{"start":{"line":76,"column":4},"end":{"line":82,"column":5}},"33":{"start":{"line":77,"column":6},"end":{"line":77,"column":52}},"34":{"start":{"line":78,"column":6},"end":{"line":78,"column":24}},"35":{"start":{"line":80,"column":6},"end":{"line":80,"column":55}},"36":{"start":{"line":81,"column":6},"end":{"line":81,"column":18}},"37":{"start":{"line":84,"column":4},"end":{"line":84,"column":23}},"38":{"start":{"line":85,"column":4},"end":{"line":85,"column":63}},"39":{"start":{"line":97,"column":19},"end":{"line":110,"column":1}},"40":{"start":{"line":98,"column":2},"end":{"line":109,"column":3}},"41":{"start":{"line":100,"column":15},"end":{"line":100,"column":28}},"42":{"start":{"line":101,"column":19},"end":{"line":104,"column":5}},"43":{"start":{"line":105,"column":4},"end":{"line":105,"column":18}},"44":{"start":{"line":107,"column":4},"end":{"line":107,"column":23}},"45":{"start":{"line":108,"column":4},"end":{"line":108,"column":49}},"46":{"start":{"line":117,"column":19},"end":{"line":131,"column":1}},"47":{"start":{"line":118,"column":2},"end":{"line":130,"column":3}},"48":{"start":{"line":120,"column":15},"end":{"line":120,"column":28}},"49":{"start":{"line":121,"column":19},"end":{"line":123,"column":5}},"50":{"start":{"line":125,"column":4},"end":{"line":125,"column":51}},"51":{"start":{"line":126,"column":4},"end":{"line":126,"column":18}},"52":{"start":{"line":128,"column":4},"end":{"line":128,"column":23}},"53":{"start":{"line":129,"column":4},"end":{"line":129,"column":49}},"54":{"start":{"line":146,"column":0},"end":{"line":153,"column":2}}},"fnMap":{"0":{"name":"(anonymous_0)","decl":{"start":{"line":10,"column":16},"end":{"line":10,"column":17}},"loc":{"start":{"line":10,"column":35},"end":{"line":27,"column":1}},"line":10},"1":{"name":"(anonymous_1)","decl":{"start":{"line":33,"column":20},"end":{"line":33,"column":21}},"loc":{"start":{"line":33,"column":32},"end":{"line":45,"column":1}},"line":33},"2":{"name":"(anonymous_2)","decl":{"start":{"line":52,"column":16},"end":{"line":52,"column":17}},"loc":{"start":{"line":52,"column":34},"end":{"line":64,"column":1}},"line":52},"3":{"name":"(anonymous_3)","decl":{"start":{"line":72,"column":23},"end":{"line":72,"column":24}},"loc":{"start":{"line":72,"column":43},"end":{"line":87,"column":1}},"line":72},"4":{"name":"(anonymous_4)","decl":{"start":{"line":97,"column":19},"end":{"line":97,"column":20}},"loc":{"start":{"line":97,"column":50},"end":{"line":110,"column":1}},"line":97},"5":{"name":"(anonymous_5)","decl":{"start":{"line":117,"column":19},"end":{"line":117,"column":20}},"loc":{"start":{"line":117,"column":37},"end":{"line":131,"column":1}},"line":117}},"branchMap":{"0":{"loc":{"start":{"line":15,"column":4},"end":{"line":17,"column":5}},"type":"if","locations":[{"start":{"line":15,"column":4},"end":{"line":17,"column":5}},{"start":{},"end":{}}],"line":15},"1":{"loc":{"start":{"line":76,"column":4},"end":{"line":82,"column":5}},"type":"if","locations":[{"start":{"line":76,"column":4},"end":{"line":82,"column":5}},{"start":{"line":79,"column":11},"end":{"line":82,"column":5}}],"line":76}},"s":{"0":2,"1":2,"2":2,"3":5,"4":5,"5":5,"6":1,"7":4,"8":4,"9":4,"10":1,"11":1,"12":2,"13":1,"14":1,"15":1,"16":1,"17":1,"18":0,"19":0,"20":2,"21":0,"22":0,"23":0,"24":0,"25":0,"26":0,"27":0,"28":2,"29":0,"30":0,"31":0,"32":0,"33":0,"34":0,"35":0,"36":0,"37":0,"38":0,"39":2,"40":0,"41":0,"42":0,"43":0,"44":0,"45":0,"46":2,"47":0,"48":0,"49":0,"50":0,"51":0,"52":0,"53":0,"54":2},"f":{"0":5,"1":1,"2":0,"3":0,"4":0,"5":0},"b":{"0":[1,4],"1":[0,0]},"_coverageSchema":"1a1c01bbd47fc00a2c39e90264f33305004495a9","hash":"17640033b80e47c7aa673d45d01ff9947de1012e"}
}
