{"/Users/lincoln/team14-cis-350-project/team_14_cis_3500_project_repo/backend/model/db.js": {"path":"/Users/lincoln/team14-cis-350-project/team_14_cis_3500_project_repo/backend/model/db.js","statementMap":{"0":{"start":{"line":6,"column":0},"end":{"line":6,"column":27}},"1":{"start":{"line":9,"column":24},"end":{"line":9,"column":42}},"2":{"start":{"line":12,"column":14},"end":{"line":12,"column":32}},"3":{"start":{"line":23,"column":16},"end":{"line":35,"column":1}},"4":{"start":{"line":25,"column":2},"end":{"line":34,"column":3}},"5":{"start":{"line":26,"column":4},"end":{"line":28,"column":7}},"6":{"start":{"line":30,"column":4},"end":{"line":30,"column":73}},"7":{"start":{"line":31,"column":4},"end":{"line":31,"column":27}},"8":{"start":{"line":33,"column":4},"end":{"line":33,"column":29}},"9":{"start":{"line":41,"column":14},"end":{"line":47,"column":1}},"10":{"start":{"line":43,"column":2},"end":{"line":45,"column":3}},"11":{"start":{"line":44,"column":4},"end":{"line":44,"column":20}},"12":{"start":{"line":46,"column":2},"end":{"line":46,"column":30}},"13":{"start":{"line":53,"column":31},"end":{"line":55,"column":1}},"14":{"start":{"line":54,"column":2},"end":{"line":54,"column":32}},"15":{"start":{"line":57,"column":0},"end":{"line":57,"column":8}},"16":{"start":{"line":60,"column":0},"end":{"line":63,"column":2}}},"fnMap":{"0":{"name":"(anonymous_0)","decl":{"start":{"line":23,"column":16},"end":{"line":23,"column":17}},"loc":{"start":{"line":23,"column":28},"end":{"line":35,"column":1}},"line":23},"1":{"name":"(anonymous_1)","decl":{"start":{"line":41,"column":14},"end":{"line":41,"column":15}},"loc":{"start":{"line":41,"column":26},"end":{"line":47,"column":1}},"line":41},"2":{"name":"(anonymous_2)","decl":{"start":{"line":53,"column":31},"end":{"line":53,"column":32}},"loc":{"start":{"line":53,"column":43},"end":{"line":55,"column":1}},"line":53}},"branchMap":{"0":{"loc":{"start":{"line":43,"column":2},"end":{"line":45,"column":3}},"type":"if","locations":[{"start":{"line":43,"column":2},"end":{"line":45,"column":3}},{"start":{},"end":{}}],"line":43}},"s":{"0":2,"1":2,"2":2,"3":2,"4":4,"5":4,"6":4,"7":4,"8":0,"9":2,"10":13,"11":4,"12":13,"13":2,"14":1,"15":2,"16":2},"f":{"0":4,"1":13,"2":1},"b":{"0":[4,9]},"_coverageSchema":"1a1c01bbd47fc00a2c39e90264f33305004495a9","hash":"8c53fe5c4ce48c56fec1eab1fe100e1e0ef08ad5"}
,"/Users/lincoln/team14-cis-350-project/team_14_cis_3500_project_repo/backend/model/user.js": {"path":"/Users/lincoln/team14-cis-350-project/team_14_cis_3500_project_repo/backend/model/user.js","statementMap":{"0":{"start":{"line":1,"column":21},"end":{"line":1,"column":39}},"1":{"start":{"line":2,"column":18},"end":{"line":2,"column":33}},"2":{"start":{"line":4,"column":16},"end":{"line":17,"column":1}},"3":{"start":{"line":5,"column":2},"end":{"line":7,"column":3}},"4":{"start":{"line":6,"column":4},"end":{"line":6,"column":38}},"5":{"start":{"line":8,"column":2},"end":{"line":16,"column":3}},"6":{"start":{"line":9,"column":15},"end":{"line":9,"column":28}},"7":{"start":{"line":10,"column":19},"end":{"line":10,"column":66}},"8":{"start":{"line":11,"column":4},"end":{"line":11,"column":66}},"9":{"start":{"line":12,"column":4},"end":{"line":12,"column":29}},"10":{"start":{"line":14,"column":4},"end":{"line":14,"column":23}},"11":{"start":{"line":15,"column":4},"end":{"line":15,"column":44}},"12":{"start":{"line":19,"column":20},"end":{"line":29,"column":1}},"13":{"start":{"line":20,"column":2},"end":{"line":28,"column":3}},"14":{"start":{"line":21,"column":15},"end":{"line":21,"column":28}},"15":{"start":{"line":22,"column":19},"end":{"line":22,"column":66}},"16":{"start":{"line":23,"column":4},"end":{"line":23,"column":52}},"17":{"start":{"line":24,"column":4},"end":{"line":24,"column":18}},"18":{"start":{"line":26,"column":4},"end":{"line":26,"column":23}},"19":{"start":{"line":27,"column":4},"end":{"line":27,"column":47}},"20":{"start":{"line":31,"column":16},"end":{"line":44,"column":1}},"21":{"start":{"line":32,"column":2},"end":{"line":34,"column":3}},"22":{"start":{"line":33,"column":4},"end":{"line":33,"column":39}},"23":{"start":{"line":35,"column":2},"end":{"line":43,"column":3}},"24":{"start":{"line":36,"column":15},"end":{"line":36,"column":28}},"25":{"start":{"line":37,"column":19},"end":{"line":37,"column":86}},"26":{"start":{"line":38,"column":4},"end":{"line":38,"column":51}},"27":{"start":{"line":39,"column":4},"end":{"line":39,"column":18}},"28":{"start":{"line":41,"column":4},"end":{"line":41,"column":23}},"29":{"start":{"line":42,"column":4},"end":{"line":42,"column":46}},"30":{"start":{"line":46,"column":23},"end":{"line":56,"column":1}},"31":{"start":{"line":47,"column":2},"end":{"line":55,"column":3}},"32":{"start":{"line":48,"column":15},"end":{"line":48,"column":28}},"33":{"start":{"line":49,"column":19},"end":{"line":49,"column":69}},"34":{"start":{"line":50,"column":4},"end":{"line":50,"column":51}},"35":{"start":{"line":51,"column":4},"end":{"line":51,"column":18}},"36":{"start":{"line":53,"column":4},"end":{"line":53,"column":23}},"37":{"start":{"line":54,"column":4},"end":{"line":54,"column":46}},"38":{"start":{"line":58,"column":19},"end":{"line":73,"column":1}},"39":{"start":{"line":59,"column":2},"end":{"line":61,"column":3}},"40":{"start":{"line":60,"column":4},"end":{"line":60,"column":39}},"41":{"start":{"line":62,"column":2},"end":{"line":72,"column":3}},"42":{"start":{"line":63,"column":15},"end":{"line":63,"column":28}},"43":{"start":{"line":64,"column":19},"end":{"line":67,"column":5}},"44":{"start":{"line":68,"column":4},"end":{"line":68,"column":18}},"45":{"start":{"line":70,"column":4},"end":{"line":70,"column":23}},"46":{"start":{"line":71,"column":4},"end":{"line":71,"column":49}},"47":{"start":{"line":75,"column":19},"end":{"line":88,"column":1}},"48":{"start":{"line":76,"column":2},"end":{"line":78,"column":3}},"49":{"start":{"line":77,"column":4},"end":{"line":77,"column":39}},"50":{"start":{"line":79,"column":2},"end":{"line":87,"column":3}},"51":{"start":{"line":80,"column":15},"end":{"line":80,"column":28}},"52":{"start":{"line":81,"column":19},"end":{"line":81,"column":88}},"53":{"start":{"line":82,"column":4},"end":{"line":82,"column":51}},"54":{"start":{"line":83,"column":4},"end":{"line":83,"column":18}},"55":{"start":{"line":85,"column":4},"end":{"line":85,"column":23}},"56":{"start":{"line":86,"column":4},"end":{"line":86,"column":49}},"57":{"start":{"line":90,"column":0},"end":{"line":97,"column":2}}},"fnMap":{"0":{"name":"(anonymous_0)","decl":{"start":{"line":4,"column":16},"end":{"line":4,"column":17}},"loc":{"start":{"line":4,"column":35},"end":{"line":17,"column":1}},"line":4},"1":{"name":"(anonymous_1)","decl":{"start":{"line":19,"column":20},"end":{"line":19,"column":21}},"loc":{"start":{"line":19,"column":32},"end":{"line":29,"column":1}},"line":19},"2":{"name":"(anonymous_2)","decl":{"start":{"line":31,"column":16},"end":{"line":31,"column":17}},"loc":{"start":{"line":31,"column":34},"end":{"line":44,"column":1}},"line":31},"3":{"name":"(anonymous_3)","decl":{"start":{"line":46,"column":23},"end":{"line":46,"column":24}},"loc":{"start":{"line":46,"column":43},"end":{"line":56,"column":1}},"line":46},"4":{"name":"(anonymous_4)","decl":{"start":{"line":58,"column":19},"end":{"line":58,"column":20}},"loc":{"start":{"line":58,"column":50},"end":{"line":73,"column":1}},"line":58},"5":{"name":"(anonymous_5)","decl":{"start":{"line":75,"column":19},"end":{"line":75,"column":20}},"loc":{"start":{"line":75,"column":37},"end":{"line":88,"column":1}},"line":75}},"branchMap":{"0":{"loc":{"start":{"line":5,"column":2},"end":{"line":7,"column":3}},"type":"if","locations":[{"start":{"line":5,"column":2},"end":{"line":7,"column":3}},{"start":{},"end":{}}],"line":5},"1":{"loc":{"start":{"line":5,"column":6},"end":{"line":5,"column":44}},"type":"binary-expr","locations":[{"start":{"line":5,"column":6},"end":{"line":5,"column":23}},{"start":{"line":5,"column":27},"end":{"line":5,"column":44}}],"line":5},"2":{"loc":{"start":{"line":32,"column":2},"end":{"line":34,"column":3}},"type":"if","locations":[{"start":{"line":32,"column":2},"end":{"line":34,"column":3}},{"start":{},"end":{}}],"line":32},"3":{"loc":{"start":{"line":59,"column":2},"end":{"line":61,"column":3}},"type":"if","locations":[{"start":{"line":59,"column":2},"end":{"line":61,"column":3}},{"start":{},"end":{}}],"line":59},"4":{"loc":{"start":{"line":76,"column":2},"end":{"line":78,"column":3}},"type":"if","locations":[{"start":{"line":76,"column":2},"end":{"line":78,"column":3}},{"start":{},"end":{}}],"line":76}},"s":{"0":1,"1":1,"2":1,"3":5,"4":1,"5":4,"6":4,"7":4,"8":4,"9":4,"10":0,"11":0,"12":1,"13":1,"14":1,"15":1,"16":1,"17":1,"18":0,"19":0,"20":1,"21":2,"22":1,"23":1,"24":1,"25":1,"26":1,"27":1,"28":0,"29":0,"30":1,"31":2,"32":2,"33":2,"34":2,"35":2,"36":0,"37":0,"38":1,"39":2,"40":1,"41":1,"42":1,"43":1,"44":1,"45":0,"46":0,"47":1,"48":2,"49":1,"50":1,"51":1,"52":1,"53":1,"54":1,"55":0,"56":0,"57":1},"f":{"0":5,"1":1,"2":2,"3":2,"4":2,"5":2},"b":{"0":[1,4],"1":[5,5],"2":[1,1],"3":[1,1],"4":[1,1]},"_coverageSchema":"1a1c01bbd47fc00a2c39e90264f33305004495a9","hash":"80b6b3158b0a941fcb1bae1edee8947fd63433cc"}
}
