TN:
SF:backend/model/db.js
FN:27,(anonymous_0)
FN:44,(anonymous_1)
FN:56,(anonymous_2)
FNF:3
FNH:3
FNDA:4,(anonymous_0)
FNDA:11,(anonymous_1)
FNDA:2,(anonymous_2)
DA:5,2
DA:8,2
DA:16,2
DA:27,2
DA:29,4
DA:30,4
DA:34,4
DA:36,0
DA:44,2
DA:46,11
DA:47,4
DA:49,11
DA:56,2
DA:57,2
DA:60,2
DA:63,2
LF:16
LH:15
BRDA:46,0,0,4
BRDA:46,0,1,7
BRF:2
BRH:2
end_of_record
TN:
SF:backend/model/event.js
FN:14,(anonymous_0)
FN:58,(anonymous_1)
FN:80,(anonymous_2)
FN:102,(anonymous_3)
FN:121,(anonymous_4)
FNF:5
FNH:1
FNDA:1,(anonymous_0)
FNDA:0,(anonymous_1)
FNDA:0,(anonymous_2)
FNDA:0,(anonymous_3)
FNDA:0,(anonymous_4)
DA:1,1
DA:5,1
DA:6,1
DA:14,1
DA:15,1
DA:16,1
DA:17,1
DA:18,1
DA:19,1
DA:20,1
DA:22,0
DA:23,0
DA:58,1
DA:59,0
DA:61,0
DA:62,0
DA:66,0
DA:69,0
DA:70,0
DA:72,0
DA:75,0
DA:76,0
DA:80,1
DA:81,0
DA:83,0
DA:84,0
DA:88,0
DA:91,0
DA:92,0
DA:94,0
DA:97,0
DA:98,0
DA:102,1
DA:103,0
DA:104,0
DA:105,0
DA:108,0
DA:109,0
DA:110,0
DA:113,0
DA:114,0
DA:116,0
DA:117,0
DA:121,1
DA:122,0
DA:123,0
DA:124,0
DA:126,0
DA:127,0
DA:128,0
DA:131,0
DA:138,0
DA:139,0
DA:140,0
DA:143,0
DA:144,0
DA:146,0
DA:147,0
DA:185,1
LF:59
LH:15
BRDA:108,0,0,0
BRDA:108,0,1,0
BRDA:126,1,0,0
BRDA:126,1,1,0
BRDA:138,2,0,0
BRDA:138,2,1,0
BRF:6
BRH:0
end_of_record
TN:
SF:backend/model/user.js
FN:10,(anonymous_0)
FN:33,(anonymous_1)
FN:52,(anonymous_2)
FN:72,(anonymous_3)
FN:97,(anonymous_4)
FN:117,(anonymous_5)
FNF:6
FNH:2
FNDA:5,(anonymous_0)
FNDA:1,(anonymous_1)
FNDA:0,(anonymous_2)
FNDA:0,(anonymous_3)
FNDA:0,(anonymous_4)
FNDA:0,(anonymous_5)
DA:2,2
DA:3,2
DA:10,2
DA:11,5
DA:13,5
DA:15,5
DA:16,1
DA:18,4
DA:20,4
DA:22,4
DA:24,1
DA:25,1
DA:33,2
DA:34,1
DA:36,1
DA:37,1
DA:39,1
DA:40,1
DA:42,0
DA:43,0
DA:52,2
DA:53,0
DA:55,0
DA:56,0
DA:58,0
DA:59,0
DA:61,0
DA:62,0
DA:72,2
DA:73,0
DA:74,0
DA:75,0
DA:76,0
DA:77,0
DA:78,0
DA:80,0
DA:81,0
DA:84,0
DA:85,0
DA:97,2
DA:98,0
DA:100,0
DA:101,0
DA:105,0
DA:107,0
DA:108,0
DA:117,2
DA:118,0
DA:120,0
DA:121,0
DA:125,0
DA:126,0
DA:128,0
DA:129,0
DA:146,2
LF:55
LH:23
BRDA:15,0,0,1
BRDA:15,0,1,4
BRDA:76,1,0,0
BRDA:76,1,1,0
BRF:4
BRH:2
end_of_record
