TN:
SF:backend/model/db.js
FN:23,(anonymous_0)
FN:41,(anonymous_1)
FN:53,(anonymous_2)
FNF:3
FNH:3
FNDA:4,(anonymous_0)
FNDA:13,(anonymous_1)
FNDA:1,(anonymous_2)
DA:6,2
DA:9,2
DA:12,2
DA:23,2
DA:25,4
DA:26,4
DA:30,4
DA:31,4
DA:33,0
DA:41,2
DA:43,13
DA:44,4
DA:46,13
DA:53,2
DA:54,1
DA:57,2
DA:60,2
LF:17
LH:16
BRDA:43,0,0,4
BRDA:43,0,1,9
BRF:2
BRH:2
end_of_record
TN:
SF:backend/model/user.js
FN:4,(anonymous_0)
FN:19,(anonymous_1)
FN:31,(anonymous_2)
FN:46,(anonymous_3)
FN:58,(anonymous_4)
FN:75,(anonymous_5)
FNF:6
FNH:6
FNDA:5,(anonymous_0)
FNDA:1,(anonymous_1)
FNDA:2,(anonymous_2)
FNDA:2,(anonymous_3)
FNDA:2,(anonymous_4)
FNDA:2,(anonymous_5)
DA:1,1
DA:2,1
DA:4,1
DA:5,5
DA:6,1
DA:8,4
DA:9,4
DA:10,4
DA:11,4
DA:12,4
DA:14,0
DA:15,0
DA:19,1
DA:20,1
DA:21,1
DA:22,1
DA:23,1
DA:24,1
DA:26,0
DA:27,0
DA:31,1
DA:32,2
DA:33,1
DA:35,1
DA:36,1
DA:37,1
DA:38,1
DA:39,1
DA:41,0
DA:42,0
DA:46,1
DA:47,2
DA:48,2
DA:49,2
DA:50,2
DA:51,2
DA:53,0
DA:54,0
DA:58,1
DA:59,2
DA:60,1
DA:62,1
DA:63,1
DA:64,1
DA:68,1
DA:70,0
DA:71,0
DA:75,1
DA:76,2
DA:77,1
DA:79,1
DA:80,1
DA:81,1
DA:82,1
DA:83,1
DA:85,0
DA:86,0
DA:90,1
LF:58
LH:46
BRDA:5,0,0,1
BRDA:5,0,1,4
BRDA:5,1,0,5
BRDA:5,1,1,5
BRDA:32,2,0,1
BRDA:32,2,1,1
BRDA:59,3,0,1
BRDA:59,3,1,1
BRDA:76,4,0,1
BRDA:76,4,1,1
BRF:10
BRH:10
end_of_record
